# JRE version: Java(TM) SE Runtime Environment (8.0_251-b08) (build 1.8.0_251-b08)
# Java VM: Java HotSpot(TM) 64-Bit Server VM (25.251-b08 mixed mode windows-amd64 compressed oops)
Heap:
 PSYoungGen      total 2707456K, used 1299595K [0x0000000715b00000, 0x00000007bfd80000, 0x00000007c0000000)
  eden space 2629120K, 47% used [0x0000000715b00000,0x000000076262f2e0,0x00000007b6280000)
  from space 78336K, 54% used [0x00000007bb100000,0x00000007bdaf3b50,0x00000007bfd80000)
  to   space 79360K, 0% used [0x00000007b6280000,0x00000007b6280000,0x00000007bb000000)
 ParOldGen       total 517120K, used 284841K [0x00000005c1000000, 0x00000005e0900000, 0x0000000715b00000)
  object space 517120K, 55% used [0x00000005c1000000,0x00000005d262a690,0x00000005e0900000)
 Metaspace       used 66054K, capacity 67566K, committed 67840K, reserved 1107968K
  class space    used 8297K, capacity 8588K, committed 8704K, reserved 1048576K
GC Heap History (10 events):
Event: 608.582 GC heap before
{Heap before GC invocations=48 (full 13):
 PSYoungGen      total 2696192K, used 115814K [0x0000000715b00000, 0x00000007bf880000, 0x00000007c0000000)
  eden space 2611200K, 4% used [0x0000000715b00000,0x000000071cc198a0,0x00000007b5100000)
  from space 84992K, 0% used [0x00000007ba480000,0x00000007ba480000,0x00000007bf780000)
  to   space 85504K, 0% used [0x00000007b5100000,0x00000007b5100000,0x00000007ba480000)
 ParOldGen       total 517120K, used 284414K [0x00000005c1000000, 0x00000005e0900000, 0x0000000715b00000)
  object space 517120K, 54% used [0x00000005c1000000,0x00000005d25bf960,0x00000005e0900000)
 Metaspace       used 66005K, capacity 67460K, committed 67584K, reserved 1107968K
  class space    used 8290K, capacity 8581K, committed 8704K, reserved 1048576K
Event: 608.626 GC heap after
Heap after GC invocations=48 (full 13):
 PSYoungGen      total 2638848K, used 27583K [0x0000000715b00000, 0x00000007bee80000, 0x00000007c0000000)
  eden space 2611200K, 0% used [0x0000000715b00000,0x0000000715b00000,0x00000007b5100000)
  from space 27648K, 99% used [0x00000007b5100000,0x00000007b6befe40,0x00000007b6c00000)
  to   space 80384K, 0% used [0x00000007ba000000,0x00000007ba000000,0x00000007bee80000)
 ParOldGen       total 517120K, used 284414K [0x00000005c1000000, 0x00000005e0900000, 0x0000000715b00000)
  object space 517120K, 54% used [0x00000005c1000000,0x00000005d25bf960,0x00000005e0900000)
 Metaspace       used 66005K, capacity 67460K, committed 67584K, reserved 1107968K
  class space    used 8290K, capacity 8581K, committed 8704K, reserved 1048576K
}
Event: 608.626 GC heap before
{Heap before GC invocations=49 (full 14):
 PSYoungGen      total 2638848K, used 27583K [0x0000000715b00000, 0x00000007bee80000, 0x00000007c0000000)
  eden space 2611200K, 0% used [0x0000000715b00000,0x0000000715b00000,0x00000007b5100000)
  from space 27648K, 99% used [0x00000007b5100000,0x00000007b6befe40,0x00000007b6c00000)
  to   space 80384K, 0% used [0x00000007ba000000,0x00000007ba000000,0x00000007bee80000)
 ParOldGen       total 517120K, used 284414K [0x00000005c1000000, 0x00000005e0900000, 0x0000000715b00000)
  object space 517120K, 54% used [0x00000005c1000000,0x00000005d25bf960,0x00000005e0900000)
 Metaspace       used 66005K, capacity 67460K, committed 67584K, reserved 1107968K
  class space    used 8290K, capacity 8581K, committed 8704K, reserved 1048576K
Event: 608.899 GC heap after
Heap after GC invocations=49 (full 14):
 PSYoungGen      total 2638848K, used 0K [0x0000000715b00000, 0x00000007bee80000, 0x00000007c0000000)
  eden space 2611200K, 0% used [0x0000000715b00000,0x0000000715b00000,0x00000007b5100000)
  from space 27648K, 0% used [0x00000007b5100000,0x00000007b5100000,0x00000007b6c00000)
  to   space 80384K, 0% used [0x00000007ba000000,0x00000007ba000000,0x00000007bee80000)
 ParOldGen       total 517120K, used 284841K [0x00000005c1000000, 0x00000005e0900000, 0x0000000715b00000)
  object space 517120K, 55% used [0x00000005c1000000,0x00000005d262a690,0x00000005e0900000)
 Metaspace       used 66005K, capacity 67460K, committed 67584K, reserved 1107968K
  class space    used 8290K, capacity 8581K, committed 8704K, reserved 1048576K
}
Event: 628.880 GC heap before
{Heap before GC invocations=50 (full 14):
 PSYoungGen      total 2638848K, used 2611200K [0x0000000715b00000, 0x00000007bee80000, 0x00000007c0000000)
  eden space 2611200K, 100% used [0x0000000715b00000,0x00000007b5100000,0x00000007b5100000)
  from space 27648K, 0% used [0x00000007b5100000,0x00000007b5100000,0x00000007b6c00000)
  to   space 80384K, 0% used [0x00000007ba000000,0x00000007ba000000,0x00000007bee80000)
 ParOldGen       total 517120K, used 284841K [0x00000005c1000000, 0x00000005e0900000, 0x0000000715b00000)
  object space 517120K, 55% used [0x00000005c1000000,0x00000005d262a690,0x00000005e0900000)
 Metaspace       used 66019K, capacity 67460K, committed 67584K, reserved 1107968K
  class space    used 8290K, capacity 8581K, committed 8704K, reserved 1048576K
Event: 628.892 GC heap after
Heap after GC invocations=50 (full 14):
 PSYoungGen      total 2691584K, used 44849K [0x0000000715b00000, 0x00000007c0000000, 0x00000007c0000000)
  eden space 2611200K, 0% used [0x0000000715b00000,0x0000000715b00000,0x00000007b5100000)
  from space 80384K, 55% used [0x00000007ba000000,0x00000007bcbcc710,0x00000007bee80000)
  to   space 80896K, 0% used [0x00000007b5100000,0x00000007b5100000,0x00000007ba000000)
 ParOldGen       total 517120K, used 284841K [0x00000005c1000000, 0x00000005e0900000, 0x0000000715b00000)
  object space 517120K, 55% used [0x00000005c1000000,0x00000005d262a690,0x00000005e0900000)
 Metaspace       used 66019K, capacity 67460K, committed 67584K, reserved 1107968K
  class space    used 8290K, capacity 8581K, committed 8704K, reserved 1048576K
}
Event: 691.999 GC heap before
{Heap before GC invocations=51 (full 14):
 PSYoungGen      total 2691584K, used 2656049K [0x0000000715b00000, 0x00000007c0000000, 0x00000007c0000000)
  eden space 2611200K, 100% used [0x0000000715b00000,0x00000007b5100000,0x00000007b5100000)
  from space 80384K, 55% used [0x00000007ba000000,0x00000007bcbcc710,0x00000007bee80000)
  to   space 80896K, 0% used [0x00000007b5100000,0x00000007b5100000,0x00000007ba000000)
 ParOldGen       total 517120K, used 284841K [0x00000005c1000000, 0x00000005e0900000, 0x0000000715b00000)
  object space 517120K, 55% used [0x00000005c1000000,0x00000005d262a690,0x00000005e0900000)
 Metaspace       used 66039K, capacity 67502K, committed 67840K, reserved 1107968K
  class space    used 8294K, capacity 8588K, committed 8704K, reserved 1048576K
Event: 692.009 GC heap after
Heap after GC invocations=51 (full 14):
 PSYoungGen      total 2692096K, used 42959K [0x0000000715b00000, 0x00000007bff80000, 0x00000007c0000000)
  eden space 2611200K, 0% used [0x0000000715b00000,0x0000000715b00000,0x00000007b5100000)
  from space 80896K, 53% used [0x00000007b5100000,0x00000007b7af3e40,0x00000007ba000000)
  to   space 80384K, 0% used [0x00000007bb100000,0x00000007bb100000,0x00000007bff80000)
 ParOldGen       total 517120K, used 284841K [0x00000005c1000000, 0x00000005e0900000, 0x0000000715b00000)
  object space 517120K, 55% used [0x00000005c1000000,0x00000005d262a690,0x00000005e0900000)
 Metaspace       used 66039K, capacity 67502K, committed 67840K, reserved 1107968K
  class space    used 8294K, capacity 8588K, committed 8704K, reserved 1048576K
}
Event: 751.732 GC heap before
{Heap before GC invocations=52 (full 14):
 PSYoungGen      total 2692096K, used 2654159K [0x0000000715b00000, 0x00000007bff80000, 0x00000007c0000000)
  eden space 2611200K, 100% used [0x0000000715b00000,0x00000007b5100000,0x00000007b5100000)
  from space 80896K, 53% used [0x00000007b5100000,0x00000007b7af3e40,0x00000007ba000000)
  to   space 80384K, 0% used [0x00000007bb100000,0x00000007bb100000,0x00000007bff80000)
 ParOldGen       total 517120K, used 284841K [0x00000005c1000000, 0x00000005e0900000, 0x0000000715b00000)
  object space 517120K, 55% used [0x00000005c1000000,0x00000005d262a690,0x00000005e0900000)
 Metaspace       used 66039K, capacity 67502K, committed 67840K, reserved 1107968K
  class space    used 8294K, capacity 8588K, committed 8704K, reserved 1048576K
Event: 751.742 GC heap after
Heap after GC invocations=52 (full 14):
 PSYoungGen      total 2707456K, used 42958K [0x0000000715b00000, 0x00000007bfd80000, 0x00000007c0000000)
  eden space 2629120K, 0% used [0x0000000715b00000,0x0000000715b00000,0x00000007b6280000)
  from space 78336K, 54% used [0x00000007bb100000,0x00000007bdaf3b50,0x00000007bfd80000)
  to   space 79360K, 0% used [0x00000007b6280000,0x00000007b6280000,0x00000007bb000000)
 ParOldGen       total 517120K, used 284841K [0x00000005c1000000, 0x00000005e0900000, 0x0000000715b00000)
  object space 517120K, 55% used [0x00000005c1000000,0x00000005d262a690,0x00000005e0900000)
 Metaspace       used 66039K, capacity 67502K, committed 67840K, reserved 1107968K
  class space    used 8294K, capacity 8588K, committed 8704K, reserved 1048576K
}

